[debug] [2020-12-11T20:08:36.304Z] ----------------------------------------------------------------------
[debug] [2020-12-11T20:08:36.306Z] Command:       /Users/willzak/.nvm/versions/node/v10.16.1/bin/node /Users/willzak/.nvm/versions/node/v10.16.1/bin/firebase init
[debug] [2020-12-11T20:08:36.312Z] CLI Version:   8.18.1
[debug] [2020-12-11T20:08:36.312Z] Platform:      darwin
[debug] [2020-12-11T20:08:36.312Z] Node Version:  v10.16.1
[debug] [2020-12-11T20:08:36.313Z] Time:          Fri Dec 11 2020 12:08:36 GMT-0800 (Pacific Standard Time)
[debug] [2020-12-11T20:08:36.313Z] ----------------------------------------------------------------------
[debug] [2020-12-11T20:08:36.313Z] 
[debug] [2020-12-11T20:08:36.327Z] > command requires scopes: ["email","openid","https://www.googleapis.com/auth/cloudplatformprojects.readonly","https://www.googleapis.com/auth/firebase","https://www.googleapis.com/auth/cloud-platform"]
[debug] [2020-12-11T20:08:36.328Z] > authorizing via signed-in user
[info] 
     ######## #### ########  ######## ########     ###     ######  ########
     ##        ##  ##     ## ##       ##     ##  ##   ##  ##       ##
     ######    ##  ########  ######   ########  #########  ######  ######
     ##        ##  ##    ##  ##       ##     ## ##     ##       ## ##
     ##       #### ##     ## ######## ########  ##     ##  ######  ########

You're about to initialize a Firebase project in this directory:

  /Users/willzak/Documents/Portfolio/PersonalWebsite/web-portfolio

[info] 
=== Project Setup
[info] 
[info] First, let's associate this project directory with a Firebase project.
[info] You can create multiple project aliases by running firebase use --add, 
[info] but for now we'll just set up a default project.
[info] 
[debug] [2020-12-11T20:09:14.667Z] > refreshing access token with scopes: ["email","https://www.googleapis.com/auth/cloud-platform","https://www.googleapis.com/auth/cloudplatformprojects.readonly","https://www.googleapis.com/auth/firebase","openid"]
[debug] [2020-12-11T20:09:14.667Z] >>> HTTP REQUEST POST https://www.googleapis.com/oauth2/v3/token  
 <request body omitted>
[debug] [2020-12-11T20:09:14.864Z] <<< HTTP RESPONSE 200 {"cache-control":"no-cache, no-store, max-age=0, must-revalidate","expires":"Mon, 01 Jan 1990 00:00:00 GMT","date":"Fri, 11 Dec 2020 20:09:16 GMT","pragma":"no-cache","content-type":"application/json; charset=utf-8","vary":"X-Origin, Referer, Origin,Accept-Encoding","server":"scaffolding on HTTPServer2","x-xss-protection":"0","x-frame-options":"SAMEORIGIN","x-content-type-options":"nosniff","alt-svc":"h3-29=\":443\"; ma=2592000,h3-T051=\":443\"; ma=2592000,h3-Q050=\":443\"; ma=2592000,h3-Q046=\":443\"; ma=2592000,h3-Q043=\":443\"; ma=2592000,quic=\":443\"; ma=2592000; v=\"46,43\"","accept-ranges":"none","transfer-encoding":"chunked"}
[debug] [2020-12-11T20:09:14.890Z] >>> HTTP REQUEST GET https://firebase.googleapis.com/v1beta1/projects?pageSize=100  
 
[debug] [2020-12-11T20:09:15.230Z] <<< HTTP RESPONSE 200 {"content-type":"application/json; charset=UTF-8","vary":"X-Origin, Referer, Origin,Accept-Encoding","date":"Fri, 11 Dec 2020 20:09:16 GMT","server":"ESF","cache-control":"private","x-xss-protection":"0","x-frame-options":"SAMEORIGIN","x-content-type-options":"nosniff","alt-svc":"h3-29=\":443\"; ma=2592000,h3-T051=\":443\"; ma=2592000,h3-Q050=\":443\"; ma=2592000,h3-Q046=\":443\"; ma=2592000,h3-Q043=\":443\"; ma=2592000,quic=\":443\"; ma=2592000; v=\"46,43\"","accept-ranges":"none","transfer-encoding":"chunked"}
[info] i  Using project web-portfolio-514a0 (web-portfolio) 
[info] 
=== Hosting Setup
[info] 
[info] Your public directory is the folder (relative to your project directory) that
[info] will contain Hosting assets to be uploaded with firebase deploy. If you
[info] have a build process for your assets, use your build's output directory.
[info] 
[info] ✔  Wrote build/404.html 
[debug] [2020-12-11T20:31:15.363Z] >>> [apiv2][query] GET https://www.gstatic.com/firebasejs/releases.json [none]
[debug] [2020-12-11T20:31:15.487Z] <<< [apiv2][status] GET https://www.gstatic.com/firebasejs/releases.json 200
[debug] [2020-12-11T20:31:15.487Z] <<< [apiv2][body] GET https://www.gstatic.com/firebasejs/releases.json {"current":{"version":"8.2.0","browserURL":"https://www.gstatic.com/firebasejs/8.2.0/firebase.js","packageURL":"https://www.gstatic.com/firebasejs/8.2.0/firebase.tgz"},"live":{"version":"8.2","browserURL":"https://www.gstatic.com/firebasejs/live/8.2/firebase.js","packageURL":"https://www.gstatic.com/firebasejs/live/8.2/firebase.tgz"},"components":{"analytics":"https://www.gstatic.com/firebasejs/8.2.0/firebase-analytics.js","app":"https://www.gstatic.com/firebasejs/8.2.0/firebase-app.js","auth":"https://www.gstatic.com/firebasejs/8.2.0/firebase-auth.js","database":"https://www.gstatic.com/firebasejs/8.2.0/firebase-database.js","firestore":"https://www.gstatic.com/firebasejs/8.2.0/firebase-firestore.js","functions":"https://www.gstatic.com/firebasejs/8.2.0/firebase-functions.js","installations":"https://www.gstatic.com/firebasejs/8.2.0/firebase-installations.js","messaging":"https://www.gstatic.com/firebasejs/8.2.0/firebase-messaging.js","storage":"https://www.gstatic.com/firebasejs/8.2.0/firebase-storage.js","performance":"https://www.gstatic.com/firebasejs/8.2.0/firebase-performance.js","remote-config":"https://www.gstatic.com/firebasejs/8.2.0/firebase-remote-config.js","firestore.memory":"https://www.gstatic.com/firebasejs/8.2.0/firebase-firestore.memory.js"}}
[info] ✔  Wrote build/index.html 
[info] 
[info] i  Didn't detect a .git folder. Assuming /Users/willzak/Documents/Portfolio/PersonalWebsite/web-portfolio is the project root. 
[info] i  Authorizing with GitHub to upload your service account to a GitHub repository's secrets store. 
[info] 
[info] Visit this URL on this device to log in:
[info] https://github.com/login/oauth/authorize?client_id=89cf50f02ac6aaed3484&state=236636572&redirect_uri=http%3A%2F%2Flocalhost%3A9005&scope=read%3Auser%20repo%20public_repo
[info] 
[info] Waiting for authentication...
[debug] [2020-12-11T20:31:23.462Z] >>> HTTP REQUEST POST https://github.com/login/oauth/access_token  
 {"client_id":"89cf50f02ac6aaed3484","client_secret":"3330d14abc895d9a74d5f17cd7a00711fa2c5bf0","code":"d01061ce3d24425fd81e","redirect_uri":"http://localhost:9005","state":"236636572"}
[debug] [2020-12-11T20:31:24.102Z] <<< HTTP RESPONSE 200 {"server":"GitHub.com","date":"Fri, 11 Dec 2020 20:31:25 GMT","content-type":"application/json; charset=utf-8","transfer-encoding":"chunked","status":"200 OK","vary":"X-PJAX, Accept-Encoding, Accept, X-Requested-With","etag":"W/\"9d1316768a38aa32a4c640276a061eb0\"","cache-control":"max-age=0, private, must-revalidate","strict-transport-security":"max-age=31536000; includeSubdomains; preload","x-frame-options":"deny","x-content-type-options":"nosniff","x-xss-protection":"1; mode=block","referrer-policy":"origin-when-cross-origin, strict-origin-when-cross-origin","expect-ct":"max-age=2592000, report-uri=\"https://api.github.com/_private/browser/errors\"","content-security-policy":"default-src 'none'; base-uri 'self'; block-all-mixed-content; connect-src 'self' uploads.github.com www.githubstatus.com collector.githubapp.com api.github.com github-cloud.s3.amazonaws.com github-production-repository-file-5c1aeb.s3.amazonaws.com github-production-upload-manifest-file-7fdce7.s3.amazonaws.com github-production-user-asset-6210df.s3.amazonaws.com cdn.optimizely.com logx.optimizely.com/v1/events wss://alive.github.com; font-src github.githubassets.com; form-action 'self' github.com gist.github.com; frame-ancestors 'none'; frame-src render.githubusercontent.com; img-src 'self' data: github.githubassets.com identicons.github.com collector.githubapp.com github-cloud.s3.amazonaws.com *.githubusercontent.com; manifest-src 'self'; media-src 'none'; script-src github.githubassets.com; style-src 'unsafe-inline' github.githubassets.com; worker-src github.com/socket-worker-5029ae85.js gist.github.com/socket-worker-5029ae85.js","x-github-request-id":"C5CF:6AB5:867A7:E9166:5FD3D71D"}
[debug] [2020-12-11T20:31:24.103Z] >>> [apiv2][query] GET https://api.github.com/user [none]
[debug] [2020-12-11T20:31:24.763Z] <<< [apiv2][status] GET https://api.github.com/user 200
[debug] [2020-12-11T20:31:24.763Z] <<< [apiv2][body] GET https://api.github.com/user {"login":"willzak","id":56184765,"node_id":"MDQ6VXNlcjU2MTg0NzY1","avatar_url":"https://avatars0.githubusercontent.com/u/56184765?v=4","gravatar_id":"","url":"https://api.github.com/users/willzak","html_url":"https://github.com/willzak","followers_url":"https://api.github.com/users/willzak/followers","following_url":"https://api.github.com/users/willzak/following{/other_user}","gists_url":"https://api.github.com/users/willzak/gists{/gist_id}","starred_url":"https://api.github.com/users/willzak/starred{/owner}{/repo}","subscriptions_url":"https://api.github.com/users/willzak/subscriptions","organizations_url":"https://api.github.com/users/willzak/orgs","repos_url":"https://api.github.com/users/willzak/repos","events_url":"https://api.github.com/users/willzak/events{/privacy}","received_events_url":"https://api.github.com/users/willzak/received_events","type":"User","site_admin":false,"name":"William","company":null,"blog":"","location":null,"email":null,"hireable":null,"bio":null,"twitter_username":null,"public_repos":32,"public_gists":0,"followers":0,"following":0,"created_at":"2019-10-05T05:37:21Z","updated_at":"2020-12-11T20:31:24Z","private_gists":30,"total_private_repos":1,"owned_private_repos":1,"disk_usage":12788,"collaborators":0,"two_factor_authentication":false,"plan":{"name":"pro","space":976562499,"collaborators":0,"private_repos":9999}}
[info] 
[info] ✔  Success! Logged into GitHub as willzak 
[info] 
